<?xml version="1.0" encoding="UTF-8"?>
<!-- Generated by org.testng.reporters.JUnitReportReporter -->
<testsuite hostname="LAPTOP-ED9DLQA7" failures="0" tests="4" name="com.crm.qa.testcases.LoginPageTest" time="19.662" errors="0" timestamp="2022-02-20T18:02:52 IST" skipped="0">
  <testcase classname="com.crm.qa.testcases.LoginPageTest" name="loginPageTitletest" time="4.877"/>
  <system-out/>
  <testcase classname="com.crm.qa.testcases.LoginPageTest" name="flipkartLogo" time="4.724"/>
  <system-out/>
  <testcase classname="com.crm.qa.testcases.LoginPageTest" name="searchBoxTest" time="4.940"/>
  <system-out/>
  <testcase classname="com.crm.qa.testcases.LoginPageTest" name="userLoginTest" time="5.121"/>
  <system-out/>
</testsuite> <!-- com.crm.qa.testcases.LoginPageTest -->
